/mnt/home/ljcohen/bin/quast/quast.py /mnt/scratch/ljcohen/NovaSeq_killifish/F_olivaceus/final.contigs.fa -o /mnt/scratch/ljcohen/NovaSeq_killifish/F_olivaceus/Foli_Illumina_megahit_report

Version: 4.5

System information:
  OS: Linux-2.6.32-642.11.1.el6.x86_64-x86_64-with-centos-6.8-Final (linux_64)
  Python version: 3.5.2
  CPUs number: 20

Started: 2017-11-09 16:32:22

Logging to /mnt/scratch/ljcohen/NovaSeq_killifish/F_olivaceus/Foli_Illumina_megahit_report/quast.log
NOTICE: Maximum number of threads is set to 5 (use --threads option to set it manually)

CWD: /mnt/home/ljcohen/bin/quast
Main parameters: 
  Threads: 5, minimum contig length: 500, ambiguity: one, threshold for extensive misassembly size: 1000

Contigs:
  Pre-processing...
  /mnt/scratch/ljcohen/NovaSeq_killifish/F_olivaceus/final.contigs.fa ==> final.contigs

2017-11-09 16:33:35
Running Basic statistics processor...
  Contig files: 
    final.contigs
  Calculating N50 and L50...
    final.contigs, N50 = 4988, L50 = 55079, Total length = 985138185, GC % = 40.76, # N's per 100 kbp =  0.00
  Drawing Nx plot...
    saved to /mnt/scratch/ljcohen/NovaSeq_killifish/F_olivaceus/Foli_Illumina_megahit_report/basic_stats/Nx_plot.pdf
  Drawing cumulative plot...
    saved to /mnt/scratch/ljcohen/NovaSeq_killifish/F_olivaceus/Foli_Illumina_megahit_report/basic_stats/cumulative_plot.pdf
  Drawing GC content plot...
    saved to /mnt/scratch/ljcohen/NovaSeq_killifish/F_olivaceus/Foli_Illumina_megahit_report/basic_stats/GC_content_plot.pdf
  Drawing final.contigs GC content plot...
    saved to /mnt/scratch/ljcohen/NovaSeq_killifish/F_olivaceus/Foli_Illumina_megahit_report/basic_stats/final.contigs_GC_content_plot.pdf
Done.

NOTICE: Genes are not predicted by default. Use --gene-finding option to enable it.

2017-11-09 16:34:59
Creating large visual summaries...
This may take a while: press Ctrl-C to skip this step..
  1 of 2: Creating Icarus viewers...
  2 of 2: Creating PDF with all tables and plots...
Done

2017-11-09 16:35:23
RESULTS:
  Text versions of total report are saved to /mnt/scratch/ljcohen/NovaSeq_killifish/F_olivaceus/Foli_Illumina_megahit_report/report.txt, report.tsv, and report.tex
  Text versions of transposed total report are saved to /mnt/scratch/ljcohen/NovaSeq_killifish/F_olivaceus/Foli_Illumina_megahit_report/transposed_report.txt, transposed_report.tsv, and transposed_report.tex
  HTML version (interactive tables and plots) saved to /mnt/scratch/ljcohen/NovaSeq_killifish/F_olivaceus/Foli_Illumina_megahit_report/report.html
  PDF version (tables and plots) is saved to /mnt/scratch/ljcohen/NovaSeq_killifish/F_olivaceus/Foli_Illumina_megahit_report/report.pdf
  Icarus (contig browser) is saved to /mnt/scratch/ljcohen/NovaSeq_killifish/F_olivaceus/Foli_Illumina_megahit_report/icarus.html
  Log saved to /mnt/scratch/ljcohen/NovaSeq_killifish/F_olivaceus/Foli_Illumina_megahit_report/quast.log

Finished: 2017-11-09 16:35:24
Elapsed time: 0:03:01.461678
NOTICEs: 2; WARNINGs: 0; non-fatal ERRORs: 0

Thank you for using QUAST!
