2019-04-05 19:57:45,263 NanoPlot 1.20.0 started with arguments Namespace(N50=True, alength=False, bam=None, barcoded=False, color='#4CB391', cram=None, downsample=None, dpi=100, drop_outliers=False, fasta=None, fastq=['A_xenica_trimmed.Q5.fq'], fastq_minimal=None, fastq_rich=None, font_scale=1, format='png', listcolors=False, loglength=True, maxlength=None, minlength=None, minqual=None, no_N50=False, outdir='.', percentqual=False, pickle=None, plots=['kde', 'dot'], prefix='', raw=False, readtype='1D', runtime_until=None, store=False, summary=None, threads=4, title=None, verbose=True)
2019-04-05 19:57:45,263 Python version is: 3.6.8 |Anaconda, Inc.| (default, Dec 30 2018, 01:22:34)  [GCC 7.3.0]
2019-04-05 19:57:45,582 Nanoplotter: valid output format png
2019-04-05 19:57:45,731 Nanoget: Starting to collect statistics from plain fastq file.
2019-04-05 22:34:50,419 Reduced DataFrame memory usage from 308.8974151611328Mb to 205.93161010742188Mb
2019-04-05 22:34:51,750 Nanoget: Gathered all metrics of 13495934 reads
2019-04-05 22:35:06,035 Calculated statistics
2019-04-05 22:35:06,042 Using sequenced read lengths for plotting.
2019-04-05 22:35:06,773 Using log10 scaled read lengths.
2019-04-05 22:35:07,634 Nanoplotter: Valid color #4CB391.
2019-04-05 22:35:09,501 Nanoplotter: Creating length plots for Read length.
2019-04-05 22:35:09,580 Nanoplotter: Using 13495934 reads with read length N50 of 5985bp and maximum of 354324bp.
2019-04-05 22:35:11,409 findfont: Found a missing font file.  Rebuilding cache.
2019-04-05 22:35:11,409 font search path ['/pylon5/bi5fpmp/ljcohen/miniconda3/envs/ONT/lib/python3.6/site-packages/matplotlib/mpl-data/fonts/ttf', '/pylon5/bi5fpmp/ljcohen/miniconda3/envs/ONT/lib/python3.6/site-packages/matplotlib/mpl-data/fonts/afm', '/pylon5/bi5fpmp/ljcohen/miniconda3/envs/ONT/lib/python3.6/site-packages/matplotlib/mpl-data/fonts/pdfcorefonts']
2019-04-05 22:35:22,809 generated new fontManager
2019-04-05 22:36:44,813 Created length plots
2019-04-05 22:36:46,384 Nanoplotter: Creating Read lengths vs Average read quality plots using statistics from 13495934 reads.
2019-04-05 22:38:01,674 Created LengthvsQual plot
2019-04-05 22:38:01,674 Writing html report.
2019-04-05 22:39:27,184 Finished!
