/mnt/home/ljcohen/bin/quast/quast.py /mnt/scratch/ljcohen/onp_Porecamp_killifish/fastq2/miniasm/Fo.fa -o /mnt/scratch/ljcohen/onp_Porecamp_killifish/fastq2/miniasm/Foli_miniasm_quast_report

Version: 4.5

System information:
  OS: Linux-2.6.32-642.11.1.el6.x86_64-x86_64-with-centos-6.8-Final (linux_64)
  Python version: 3.5.2
  CPUs number: 20

Started: 2017-11-09 14:17:46

Logging to /mnt/scratch/ljcohen/onp_Porecamp_killifish/fastq2/miniasm/Foli_miniasm_quast_report/quast.log
NOTICE: Maximum number of threads is set to 5 (use --threads option to set it manually)

CWD: /mnt/home/ljcohen/bin
Main parameters: 
  Threads: 5, minimum contig length: 500, ambiguity: one, threshold for extensive misassembly size: 1000

Contigs:
  Pre-processing...
  /mnt/scratch/ljcohen/onp_Porecamp_killifish/fastq2/miniasm/Fo.fa ==> Fo

2017-11-09 14:17:48
Running Basic statistics processor...
  Contig files: 
    Fo
  Calculating N50 and L50...
    Fo, N50 = 50056, L50 = 25, Total length = 4917072, GC % = 46.52, # N's per 100 kbp =  0.00
  Drawing Nx plot...
    saved to /mnt/scratch/ljcohen/onp_Porecamp_killifish/fastq2/miniasm/Foli_miniasm_quast_report/basic_stats/Nx_plot.pdf
  Drawing cumulative plot...
    saved to /mnt/scratch/ljcohen/onp_Porecamp_killifish/fastq2/miniasm/Foli_miniasm_quast_report/basic_stats/cumulative_plot.pdf
  Drawing GC content plot...
    saved to /mnt/scratch/ljcohen/onp_Porecamp_killifish/fastq2/miniasm/Foli_miniasm_quast_report/basic_stats/GC_content_plot.pdf
  Drawing Fo GC content plot...
    saved to /mnt/scratch/ljcohen/onp_Porecamp_killifish/fastq2/miniasm/Foli_miniasm_quast_report/basic_stats/Fo_GC_content_plot.pdf
Done.

NOTICE: Genes are not predicted by default. Use --gene-finding option to enable it.

2017-11-09 14:17:49
Creating large visual summaries...
This may take a while: press Ctrl-C to skip this step..
  1 of 2: Creating Icarus viewers...
  2 of 2: Creating PDF with all tables and plots...
Done

2017-11-09 14:17:50
RESULTS:
  Text versions of total report are saved to /mnt/scratch/ljcohen/onp_Porecamp_killifish/fastq2/miniasm/Foli_miniasm_quast_report/report.txt, report.tsv, and report.tex
  Text versions of transposed total report are saved to /mnt/scratch/ljcohen/onp_Porecamp_killifish/fastq2/miniasm/Foli_miniasm_quast_report/transposed_report.txt, transposed_report.tsv, and transposed_report.tex
  HTML version (interactive tables and plots) saved to /mnt/scratch/ljcohen/onp_Porecamp_killifish/fastq2/miniasm/Foli_miniasm_quast_report/report.html
  PDF version (tables and plots) is saved to /mnt/scratch/ljcohen/onp_Porecamp_killifish/fastq2/miniasm/Foli_miniasm_quast_report/report.pdf
  Icarus (contig browser) is saved to /mnt/scratch/ljcohen/onp_Porecamp_killifish/fastq2/miniasm/Foli_miniasm_quast_report/icarus.html
  Log saved to /mnt/scratch/ljcohen/onp_Porecamp_killifish/fastq2/miniasm/Foli_miniasm_quast_report/quast.log

Finished: 2017-11-09 14:17:50
Elapsed time: 0:00:03.873324
NOTICEs: 2; WARNINGs: 0; non-fatal ERRORs: 0

Thank you for using QUAST!
